[2025-09-26 18:28:41] [Blue] Tilt device not reporting temperature.
[2025-09-26 18:28:41] [Blue] Tilt device not reporting temperature.
[2025-09-26 18:29:00] [Blue] Tilt device not reporting temperature.
[2025-09-26 18:29:00] [Blue] Tilt device not reporting temperature.
[2025-09-26 18:29:02] [Blue] Tilt device not reporting temperature.
[2025-09-26 18:29:02] [Blue] Tilt device not reporting temperature.
[2025-09-26 18:30:24] [Red] Could not load batch history for Red: [Errno 2] No such file or directory: 'batch_history_Red.json'
[2025-09-26 18:30:39] [Blue] Could not load batch history for Blue: [Errno 2] No such file or directory: 'batch_history_Blue.json'
[2025-09-26 18:30:42] [Blue] Could not load batch history for Blue: [Errno 2] No such file or directory: 'batch_history_Blue.json'
[2025-09-26 18:30:42] [Blue] Could not load batch history for Blue: [Errno 2] No such file or directory: 'batch_history_Blue.json'
[2025-09-26 18:31:44] [Blue] Could not load batch history for Blue: [Errno 2] No such file or directory: 'batch_history_Blue.json'
[2025-09-29 10:33:17] [Blue] Tilt device not reporting temperature.
[2025-09-29 10:33:17] [Blue] Tilt device not reporting temperature.
[2025-09-29 10:33:18] [Blue] Tilt device not reporting temperature.
[2025-09-29 10:33:19] [Blue] Tilt device not reporting temperature.
[2025-09-29 11:09:42] [Blue] Tilt device not reporting temperature.
[2025-09-29 11:09:42] [Blue] Tilt device not reporting temperature.
[2025-09-29 11:29:57] [Blue] Tilt device not reporting temperature.
[2025-09-29 11:29:57] [Blue] Tilt device not reporting temperature.
[2025-09-29 11:29:59] [Blue] Tilt device not reporting temperature.
[2025-09-29 11:29:59] [Blue] Tilt device not reporting temperature.
[2025-09-29 11:35:53] [Blue] Tilt device not reporting temperature.
[2025-09-29 11:35:53] [Blue] Tilt device not reporting temperature.
[2025-09-29 11:35:55] [Blue] Tilt device not reporting temperature.
[2025-09-29 11:35:55] [Blue] Tilt device not reporting temperature.
[2025-09-29 11:43:47] [Blue] Tilt device not reporting temperature.
[2025-09-29 11:43:47] [Blue] Tilt device not reporting temperature.
[2025-09-29 11:43:49] [Blue] Tilt device not reporting temperature.
[2025-09-29 11:43:49] [Blue] Tilt device not reporting temperature.
[2025-09-29 12:02:53] [Blue] Tilt device not reporting temperature.
[2025-09-29 12:02:53] [Blue] Tilt device not reporting temperature.
[2025-09-29 12:02:56] [Blue] Tilt device not reporting temperature.
[2025-09-29 12:02:56] [Blue] Tilt device not reporting temperature.
[2025-09-29 12:05:26] [Blue] Tilt device not reporting temperature.
[2025-09-29 12:05:27] [Blue] Tilt device not reporting temperature.
[2025-09-29 12:05:28] [Blue] Tilt device not reporting temperature.
[2025-09-29 12:05:29] [Blue] Tilt device not reporting temperature.
[2025-09-29 12:16:23] [Blue] Tilt device not reporting temperature.
[2025-09-29 12:16:23] [Blue] Tilt device not reporting temperature.
[2025-09-29 12:16:25] [Blue] Tilt device not reporting temperature.
[2025-09-29 12:16:25] [Blue] Tilt device not reporting temperature.
[2025-09-29 17:28:27] [Blue] Tilt device not reporting temperature.
[2025-09-29 17:28:27] [Blue] Tilt device not reporting temperature.
[2025-09-29 17:28:29] [Blue] Tilt device not reporting temperature.
[2025-09-29 17:28:29] [Blue] Tilt device not reporting temperature.
[2025-09-29 17:28:50] [Red] Could not load batch history for Red: [Errno 2] No such file or directory: 'batch_history_Red.json'
[2025-09-29 17:29:00] [Red] Could not load batch history for Red: [Errno 2] No such file or directory: 'batch_history_Red.json'
[2025-09-30 11:31:51] [Blue] Tilt device not reporting temperature.
[2025-09-30 11:31:51] [Blue] Tilt device not reporting temperature.
[2025-09-30 11:31:53] [Blue] Tilt device not reporting temperature.
[2025-09-30 11:31:53] [Blue] Tilt device not reporting temperature.
[2025-09-30 11:58:20] [Blue] Tilt device not reporting temperature.
[2025-09-30 11:58:20] [Blue] Tilt device not reporting temperature.
[2025-09-30 11:58:22] [Blue] Tilt device not reporting temperature.
[2025-09-30 11:58:22] [Blue] Tilt device not reporting temperature.
[2025-09-30 12:17:42] [Blue] Tilt device not reporting temperature.
[2025-09-30 12:17:42] [Blue] Tilt device not reporting temperature.
[2025-09-30 17:08:44] [Blue] Tilt device not reporting temperature.
[2025-09-30 17:08:45] [Blue] Tilt device not reporting temperature.
[2025-09-30 17:08:46] [Blue] Tilt device not reporting temperature.
[2025-09-30 17:08:47] [Blue] Tilt device not reporting temperature.
[2025-09-30 17:16:56] [Blue] Tilt device not reporting temperature.
[2025-09-30 17:16:56] [Blue] Tilt device not reporting temperature.
[2025-09-30 17:31:50] [Blue] Tilt device not reporting temperature.
[2025-09-30 17:31:50] [Blue] Tilt device not reporting temperature.
[2025-09-30 17:31:52] [Blue] Tilt device not reporting temperature.
[2025-09-30 17:31:52] [Blue] Tilt device not reporting temperature.
[2025-09-30 17:56:02] [Blue] Tilt device not reporting temperature.
[2025-09-30 17:56:03] [Blue] Tilt device not reporting temperature.
[2025-09-30 17:56:04] [Blue] Tilt device not reporting temperature.
[2025-09-30 17:56:04] [Blue] Tilt device not reporting temperature.
[2025-09-30 18:00:19] [Blue] Tilt device not reporting temperature.
[2025-09-30 18:00:19] [Blue] Tilt device not reporting temperature.
[2025-09-30 18:00:38] [Blue] Tilt device not reporting temperature.
[2025-09-30 18:00:38] [Blue] Tilt device not reporting temperature.
[2025-09-30 18:00:40] [Blue] Tilt device not reporting temperature.
[2025-09-30 18:00:40] [Blue] Tilt device not reporting temperature.
[2025-09-30 18:00:58] [Blue] Could not load batch history for Blue: [Errno 2] No such file or directory: 'batch_history_Blue.json'
[2025-09-30 18:10:05] [Blue] Tilt device not reporting temperature.
[2025-09-30 18:10:05] [Blue] Tilt device not reporting temperature.
[2025-09-30 18:10:07] [Blue] Tilt device not reporting temperature.
[2025-09-30 18:10:07] [Blue] Tilt device not reporting temperature.
[2025-09-30 18:18:21] [Blue] Tilt device not reporting temperature.
[2025-09-30 18:18:21] [Blue] Tilt device not reporting temperature.
[2025-09-30 18:18:24] [Blue] Tilt device not reporting temperature.
[2025-09-30 18:18:24] [Blue] Tilt device not reporting temperature.
[2025-10-01 14:30:24] Failed to load JSON from batch_settings.json: [Errno 2] No such file or directory: 'batch_settings.json'
[2025-10-01 14:30:24] Failed to load JSON from batch_settings.json: [Errno 2] No such file or directory: 'batch_settings.json'
[2025-10-01 14:30:24] [Blue] Tilt device not reporting temperature.
[2025-10-01 14:30:25] [Blue] Tilt device not reporting temperature.
[2025-10-01 14:30:26] Failed to load JSON from batch_settings.json: [Errno 2] No such file or directory: 'batch_settings.json'
[2025-10-01 14:30:27] Failed to load JSON from batch_settings.json: [Errno 2] No such file or directory: 'batch_settings.json'
[2025-10-01 14:30:27] [Blue] Tilt device not reporting temperature.
[2025-10-01 14:30:27] [Blue] Tilt device not reporting temperature.
[2025-10-01 14:31:04] [Blue] Could not load batch history for Blue: [Errno 2] No such file or directory: 'batch_history_Blue.json'
[2025-10-01 14:37:00] Failed to load JSON from batch_settings.json: [Errno 2] No such file or directory: 'batch_settings.json'
[2025-10-01 14:37:00] Failed to load JSON from batch_settings.json: [Errno 2] No such file or directory: 'batch_settings.json'
[2025-10-01 14:37:01] [Blue] Tilt device not reporting temperature.
[2025-10-01 14:37:01] [Blue] Tilt device not reporting temperature.
[2025-10-01 14:37:03] Failed to load JSON from batch_settings.json: [Errno 2] No such file or directory: 'batch_settings.json'
[2025-10-01 14:37:03] Failed to load JSON from batch_settings.json: [Errno 2] No such file or directory: 'batch_settings.json'
[2025-10-01 14:37:03] [Blue] Tilt device not reporting temperature.
[2025-10-01 14:37:03] [Blue] Tilt device not reporting temperature.
[2025-10-01 14:37:39] [Blue] Could not load batch history for Blue: [Errno 2] No such file or directory: 'batch_history_Blue.json'
[2025-10-01 14:38:52] [Blue] Could not load batch history for Blue: [Errno 2] No such file or directory: 'batch_history_Blue.json'
[2025-10-01 14:47:10] Failed to load JSON from batch_settings.json: [Errno 2] No such file or directory: 'batch_settings.json'
[2025-10-01 14:47:10] Failed to load JSON from batch_settings.json: [Errno 2] No such file or directory: 'batch_settings.json'
[2025-10-01 14:47:10] [Blue] Tilt device not reporting temperature.
[2025-10-01 14:47:10] [Blue] Tilt device not reporting temperature.
[2025-10-01 14:47:27] Failed to load JSON from batch_settings.json: [Errno 2] No such file or directory: 'batch_settings.json'
[2025-10-01 14:47:27] Failed to load JSON from batch_settings.json: [Errno 2] No such file or directory: 'batch_settings.json'
[2025-10-01 14:47:27] [Blue] Tilt device not reporting temperature.
[2025-10-01 14:47:27] [Blue] Tilt device not reporting temperature.
[2025-10-01 14:47:29] Failed to load JSON from batch_settings.json: [Errno 2] No such file or directory: 'batch_settings.json'
[2025-10-01 14:47:29] Failed to load JSON from batch_settings.json: [Errno 2] No such file or directory: 'batch_settings.json'
[2025-10-01 14:47:29] [Blue] Tilt device not reporting temperature.
[2025-10-01 14:47:29] [Blue] Tilt device not reporting temperature.
[2025-10-01 14:48:03] [Blue] Could not load batch history for Blue: [Errno 2] No such file or directory: 'batch_history_Blue.json'
[2025-10-01 14:48:44] [Blue] Could not load batch history for Blue: [Errno 2] No such file or directory: 'batch_history_Blue.json'
[2025-10-01 14:50:01] [Blue] Could not load batch history for Blue: [Errno 2] No such file or directory: 'batch_history_Blue.json'
[2025-10-01 14:53:34] [Blue] Tilt device not reporting temperature.
[2025-10-01 14:53:34] [Blue] Tilt device not reporting temperature.
[2025-10-01 14:53:36] [Blue] Tilt device not reporting temperature.
[2025-10-01 14:53:36] [Blue] Tilt device not reporting temperature.
[2025-10-01 15:09:53] Error in detection_callback: [Errno 32] Broken pipe
[2025-10-01 15:19:31] [Blue] Could not load batch history for Blue: [Errno 2] No such file or directory: 'batch_history_Blue.json'
[2025-10-01 15:19:35] [Blue] Could not load batch history for Blue: [Errno 2] No such file or directory: 'batch_history_Blue.json'
[2025-10-01 15:19:46] [Blue] Could not load batch history for Blue: [Errno 2] No such file or directory: 'batch_history_Blue.json'
[2025-10-01 16:06:30] [Blue] Could not load batch history for Blue: [Errno 2] No such file or directory: 'batch_history_Blue.json'
[2025-10-01 16:08:43] [Yellow] Could not load batch history for Yellow: [Errno 2] No such file or directory: 'batch_history_Yellow.json'
[2025-10-01 16:08:58] [Blue] Could not load batch history for Blue: [Errno 2] No such file or directory: 'batch_history_Blue.json'
[2025-10-01 16:09:05] [Yellow] Could not load batch history for Yellow: [Errno 2] No such file or directory: 'batch_history_Yellow.json'
[2025-10-01 16:23:54] [Blue] Could not load batch history for Blue: [Errno 2] No such file or directory: 'batch_history_Blue.json'
[2025-10-01 16:23:58] [Blue] Could not load batch history for Blue: [Errno 2] No such file or directory: 'batch_history_Blue.json'
[2025-10-01 16:33:30] [Blue] Could not load batch history for Blue: [Errno 2] No such file or directory: 'batch_history_Blue.json'
[2025-10-01 16:33:39] [Blue] Could not load batch history for Blue: [Errno 2] No such file or directory: 'batch_history_Blue.json'
[2025-10-01 16:47:33] [Blue] Could not load batch history for Blue: [Errno 2] No such file or directory: 'batch_history_Blue.json'
[2025-10-01 16:50:20] [Blue] Could not load batch history for Blue: [Errno 2] No such file or directory: 'batch_history_Blue.json'
[2025-10-01 16:51:13] [Blue] Could not load batch history for Blue: [Errno 2] No such file or directory: 'batch_history_Blue.json'
[2025-10-01 16:52:56] [Blue] Could not load batch history for Blue: [Errno 2] No such file or directory: 'batch_history_Blue.json'
[2025-10-01 16:53:00] [Blue] Could not load batch history for Blue: [Errno 2] No such file or directory: 'batch_history_Blue.json'
[2025-10-01 16:56:10] [Blue] Could not load batch history for Blue: [Errno 2] No such file or directory: 'batch_history_Blue.json'
[2025-10-01 16:56:13] [Blue] Could not load batch history for Blue: [Errno 2] No such file or directory: 'batch_history_Blue.json'
[2025-10-06 11:00:45] [Blue] Could not load batch history for Blue: [Errno 2] No such file or directory: 'batch_history_Blue.json'
[2025-10-06 11:27:22] Error in detection_callback: [Errno 32] Broken pipe
[2025-10-06 11:59:57] [Blue] Could not load batch history for Blue: [Errno 2] No such file or directory: 'batch_history_Blue.json'
